2025-09-16 11:30:02,895 [main.py         | 48] INFO: Start to run instance_1
2025-09-16 11:30:02,900 [simulate_api.py | 60] INFO: Start time of the simulator: 2025-09-16 00:00:00, time interval:  600.00
2025-09-16 11:30:02,922 [input_utils.py  | 48] INFO: Get 154 factories
2025-09-16 11:30:04,503 [input_utils.py  | 52] INFO: Get 23562 routes
2025-09-16 11:30:04,570 [input_utils.py  | 57] INFO: Get 5 vehicles
2025-09-16 11:30:04,616 [input_utils.py  | 61] INFO: Get 50 orders
2025-09-16 11:30:04,637 [simulate_api.py | 87] INFO: Initial position of V_1 is e2d5093fbe36431f8986ddb0e1c586be
2025-09-16 11:30:04,637 [simulate_api.py | 87] INFO: Initial position of V_2 is 7fe14b93f0f04ee7a994ef5b2c1fdb72
2025-09-16 11:30:04,638 [simulate_api.py | 87] INFO: Initial position of V_3 is fa366fc87a124d32926daa5bb093129f
2025-09-16 11:30:04,638 [simulate_api.py | 87] INFO: Initial position of V_4 is e47399648fa842b2b8f80094343d8091
2025-09-16 11:30:04,638 [simulate_api.py | 87] INFO: Initial position of V_5 is becb4f85393540b287e7329758b8d832
2025-09-16 11:30:04,638 [simulate_environment.py | 99] INFO: **************************************************
2025-09-16 11:30:04,638 [simulate_environment.py | 103] INFO: cur time: 2025-09-16 00:10:00, pre time: 2025-09-16 00:00:00
2025-09-16 11:30:04,638 [simulate_environment.py | 140] INFO: Start to update the input of 2025-09-16 00:10:00
2025-09-16 11:30:04,639 [simulate_environment.py | 167] INFO: Get 1 unallocated order items, 0 ongoing order items, 0 completed order items
2025-09-16 11:30:07,012 [simulate_environment.py | 232] INFO: 
Cant initialize the population

The solution initialized by Cheapest Insertion:
V_1:[] V_2:[] V_3:[] V_4:[] V_5:[p1_0003480001-1 d1_0003480001-1]
The fitness value before EA: 3.08
V_1:[] V_2:[] V_3:[] V_4:[] V_5:[p1_0003480001-1 d1_0003480001-1]
The fitness value after EA: 3.08

Thoi gian thuc hien thuat toan:  1.493159532546997
SUCCESS

2025-09-16 11:30:07,013 [simulate_environment.py | 254] INFO: 2025-09-16 00:10:00, Item 0003480001-1: state = 1 < 2, we can not finish the simulation
2025-09-16 11:30:07,013 [simulate_environment.py | 99] INFO: **************************************************
2025-09-16 11:30:07,013 [simulate_environment.py | 103] INFO: cur time: 2025-09-16 00:20:00, pre time: 2025-09-16 00:10:00
2025-09-16 11:30:07,013 [simulate_environment.py | 140] INFO: Start to update the input of 2025-09-16 00:20:00
2025-09-16 11:30:07,014 [simulate_environment.py | 167] INFO: Get 3 unallocated order items, 0 ongoing order items, 0 completed order items
2025-09-16 11:30:11,375 [simulate_environment.py | 232] INFO: Thoi gian thuc hien crossover:  4.887580871582031e-05
LS: BlockRelocate | Count: 0 | TotalTime:0.000s | Cost:2.10
LS: mPDG | Count: 1 | TotalTime:0.000s | Cost:1.62
Thoi gian thuc hien crossover:  0.0009043216705322266
5.32
2.18
Thoi gian thuc hien crossover:  2.6941299438476562e-05
LS: 2opt | Count: 0 | TotalTime:0.000s | Cost:2.18
LS: mPDG | Count: 1 | TotalTime:0.001s | Cost:1.80
Thoi gian thuc hien crossover:  0.0010068416595458984
2.18
1.8
Thoi gian thuc hien crossover:  2.9325485229492188e-05
LS: PDPairExchange | Count: 0 | TotalTime:0.000s | Cost:9.06
LS: mPDG | Count: 0 | TotalTime:0.000s | Cost:1.62
Thoi gian thuc hien crossover:  0.0005362033843994141
9.06
9.06
Thoi gian thuc hien crossover:  2.86102294921875e-05
LS: BlockExchange | Count: 0 | TotalTime:0.000s | Cost:1.72
LS: PDPairExchange | Count: 0 | TotalTime:0.000s | Cost:5.10
Thoi gian thuc hien crossover:  0.00044417381286621094
5.4399999999999995
5.1
Thoi gian thuc hien crossover:  2.5510787963867188e-05
LS: 2opt | Count: 0 | TotalTime:0.000s | Cost:2.02
LS: 2opt | Count: 0 | TotalTime:0.000s | Cost:1.62
Thoi gian thuc hien crossover:  0.000423431396484375
2.02
9.06
Thoi gian thuc hien crossover:  2.4080276489257812e-05
LS: PDPairExchange | Count: 0 | TotalTime:0.000s | Cost:1.80
LS: BlockExchange | Count: 1 | TotalTime:0.000s | Cost:1.86
Thoi gian thuc hien crossover:  0.00043654441833496094
1.8
1.8599999999999999
LS: mPDG | Count: 0 | TotalTime:0.001s | Cost:1.80
LS: mPDG | Count: 0 | TotalTime:0.000s | Cost:1.80
LS: PDPairExchange | Count: 0 | TotalTime:0.000s | Cost:1.80
LS: 2opt | Count: 0 | TotalTime:0.000s | Cost:1.86
LS: mPDG | Count: 1 | TotalTime:0.001s | Cost:1.80
LS: 2opt | Count: 0 | TotalTime:0.000s | Cost:2.02
LS: PDPairExchange | Count: 0 | TotalTime:0.000s | Cost:2.02
LS: BlockRelocate | Count: 1 | TotalTime:0.000s | Cost:2.02
LS: PDPairExchange | Count: 0 | TotalTime:0.000s | Cost:2.18
LS: mPDG | Count: 1 | TotalTime:0.001s | Cost:2.02
LS: BlockRelocate | Count: 1 | TotalTime:0.000s | Cost:4.90
LS: mPDG | Count: 1 | TotalTime:0.001s | Cost:1.80
LS: mPDG | Count: 1 | TotalTime:0.001s | Cost:1.80
LS: BlockRelocate | Count: 1 | TotalTime:0.000s | Cost:2.02
LS: BlockRelocate | Count: 1 | TotalTime:0.000s | Cost:2.02
Thoi gian thuc hien crossover:  2.765655517578125e-05
LS: 2opt | Count: 0 | TotalTime:0.000s | Cost:1.80
LS: 2opt | Count: 0 | TotalTime:0.000s | Cost:1.80
Thoi gian thuc hien crossover:  0.0006270408630371094
1.8
1.8
Thoi gian thuc hien crossover:  2.5510787963867188e-05
LS: mPDG | Count: 1 | TotalTime:0.001s | Cost:1.80
LS: BlockRelocate | Count: 1 | TotalTime:0.000s | Cost:1.84
Thoi gian thuc hien crossover:  0.0012216567993164062
1.8
1.8399999999999999
Thoi gian thuc hien crossover:  2.5033950805664062e-05
LS: BlockRelocate | Count: 0 | TotalTime:0.001s | Cost:1.80
LS: PDPairExchange | Count: 0 | TotalTime:0.000s | Cost:1.80
Thoi gian thuc hien crossover:  0.0009768009185791016
1.8
1.8
Thoi gian thuc hien crossover:  2.4557113647460938e-05
LS: mPDG | Count: 0 | TotalTime:0.000s | Cost:1.80
LS: BlockExchange | Count: 0 | TotalTime:0.000s | Cost:1.86
Thoi gian thuc hien crossover:  0.0006775856018066406
1.8
1.8599999999999999
Thoi gian thuc hien crossover:  2.574920654296875e-05
LS: BlockRelocate | Count: 0 | TotalTime:0.001s | Cost:1.80
LS: BlockRelocate | Count: 0 | TotalTime:0.001s | Cost:1.80
Thoi gian thuc hien crossover:  0.0015139579772949219
1.8
1.8
Thoi gian thuc hien crossover:  2.4318695068359375e-05
LS: 2opt | Count: 0 | TotalTime:0.000s | Cost:1.80
LS: PDPairExchange | Count: 0 | TotalTime:0.000s | Cost:1.86
Thoi gian thuc hien crossover:  0.0004897117614746094
1.8
1.8599999999999999
LS: 2opt | Count: 0 | TotalTime:0.000s | Cost:1.80
LS: BlockRelocate | Count: 0 | TotalTime:0.001s | Cost:1.80
LS: BlockRelocate | Count: 0 | TotalTime:0.001s | Cost:1.80
LS: mPDG | Count: 0 | TotalTime:0.000s | Cost:1.80
LS: mPDG | Count: 0 | TotalTime:0.000s | Cost:1.80
LS: mPDG | Count: 0 | TotalTime:0.000s | Cost:1.80
LS: PDPairExchange | Count: 0 | TotalTime:0.000s | Cost:1.80
LS: BlockRelocate | Count: 0 | TotalTime:0.001s | Cost:1.80
LS: mPDG | Count: 0 | TotalTime:0.000s | Cost:1.80
LS: BlockRelocate | Count: 0 | TotalTime:0.001s | Cost:1.80
LS: PDPairExchange | Count: 0 | TotalTime:0.000s | Cost:1.80
LS: mPDG | Count: 0 | TotalTime:0.000s | Cost:1.80
LS: BlockRelocate | Count: 1 | TotalTime:0.000s | Cost:1.80
LS: BlockRelocate | Count: 1 | TotalTime:0.001s | Cost:1.84
LS: BlockRelocate | Count: 1 | TotalTime:0.000s | Cost:1.84
Thoi gian thuc hien crossover:  3.409385681152344e-05
LS: mPDG | Count: 0 | TotalTime:0.000s | Cost:1.80
LS: mPDG | Count: 0 | TotalTime:0.000s | Cost:1.80
Thoi gian thuc hien crossover:  0.0010287761688232422
1.8
1.8
Thoi gian thuc hien crossover:  2.574920654296875e-05
LS: mPDG | Count: 0 | TotalTime:0.000s | Cost:1.80
LS: BlockExchange | Count: 0 | TotalTime:0.000s | Cost:1.80
Thoi gian thuc hien crossover:  0.0006489753723144531
1.8
1.8
Thoi gian thuc hien crossover:  2.3603439331054688e-05
LS: 2opt | Count: 0 | TotalTime:0.000s | Cost:1.80
LS: BlockExchange | Count: 0 | TotalTime:0.000s | Cost:1.80
Thoi gian thuc hien crossover:  0.0005109310150146484
1.8
1.8
Thoi gian thuc hien crossover:  2.3365020751953125e-05
LS: BlockRelocate | Count: 0 | TotalTime:0.001s | Cost:1.80
LS: mPDG | Count: 0 | TotalTime:0.000s | Cost:1.80
Thoi gian thuc hien crossover:  0.0012049674987792969
1.8
1.8
Thoi gian thuc hien crossover:  2.4080276489257812e-05
LS: mPDG | Count: 0 | TotalTime:0.000s | Cost:1.80
LS: BlockExchange | Count: 0 | TotalTime:0.000s | Cost:1.80
Thoi gian thuc hien crossover:  0.0006103515625
1.8
1.8
Thoi gian thuc hien crossover:  2.384185791015625e-05
LS: 2opt | Count: 0 | TotalTime:0.000s | Cost:1.80
LS: mPDG | Count: 0 | TotalTime:0.000s | Cost:1.80
Thoi gian thuc hien crossover:  0.0008864402770996094
1.8
1.8
LS: PDPairExchange | Count: 0 | TotalTime:0.000s | Cost:1.80
LS: BlockExchange | Count: 0 | TotalTime:0.000s | Cost:1.80
LS: 2opt | Count: 0 | TotalTime:0.000s | Cost:1.80
LS: BlockRelocate | Count: 0 | TotalTime:0.001s | Cost:1.80
LS: BlockExchange | Count: 0 | TotalTime:0.000s | Cost:1.80
LS: 2opt | Count: 0 | TotalTime:0.000s | Cost:1.80
LS: PDPairExchange | Count: 0 | TotalTime:0.000s | Cost:1.80
LS: PDPairExchange | Count: 0 | TotalTime:0.000s | Cost:1.80
LS: 2opt | Count: 0 | TotalTime:0.000s | Cost:1.80
LS: BlockRelocate | Count: 0 | TotalTime:0.001s | Cost:1.80
LS: 2opt | Count: 0 | TotalTime:0.000s | Cost:1.80
LS: mPDG | Count: 0 | TotalTime:0.000s | Cost:1.80
LS: 2opt | Count: 0 | TotalTime:0.000s | Cost:1.80
LS: PDPairExchange | Count: 0 | TotalTime:0.000s | Cost:1.80
LS: PDPairExchange | Count: 0 | TotalTime:0.000s | Cost:1.80
Thoi gian thuc hien crossover:  6.67572021484375e-05
LS: PDPairExchange | Count: 0 | TotalTime:0.000s | Cost:1.80
LS: mPDG | Count: 0 | TotalTime:0.000s | Cost:1.80
Thoi gian thuc hien crossover:  0.0008866786956787109
1.8
1.8
Thoi gian thuc hien crossover:  0.0004897117614746094
LS: 2opt | Count: 0 | TotalTime:0.000s | Cost:1.80
LS: mPDG | Count: 0 | TotalTime:0.000s | Cost:1.80
Thoi gian thuc hien crossover:  0.0014333724975585938
1.8
1.8
LS: BlockRelocate:0(0.000s) | mPDG:0(0.000s) | 2opt:0(0.000s) | PDPairExchange:0(0.000s) | BlockExchange:0(0.000s) | TotalTime:0.001s | Cost:1.80
LS: mPDG:0(0.000s) | PDPairExchange:0(0.000s) | BlockExchange:0(0.000s) | BlockRelocate:0(0.000s) | 2opt:0(0.000s) | TotalTime:0.001s | Cost:1.80
LS: BlockRelocate:0(0.001s) | BlockExchange:0(0.000s) | 2opt:0(0.000s) | PDPairExchange:0(0.000s) | mPDG:0(0.000s) | TotalTime:0.001s | Cost:1.80
LS: BlockRelocate:0(0.000s) | BlockExchange:0(0.000s) | mPDG:0(0.000s) | 2opt:0(0.000s) | PDPairExchange:0(0.000s) | TotalTime:0.001s | Cost:1.80
Thoi gian thuc hien crossover:  1.7881393432617188e-05
LS: PDPairExchange | Count: 0 | TotalTime:0.000s | Cost:1.80
LS: BlockRelocate | Count: 0 | TotalTime:0.001s | Cost:1.80
Thoi gian thuc hien crossover:  0.0007197856903076172
1.8
1.8
Thoi gian thuc hien crossover:  2.5510787963867188e-05
LS: PDPairExchange | Count: 0 | TotalTime:0.000s | Cost:1.80
LS: BlockRelocate | Count: 0 | TotalTime:0.001s | Cost:1.80
Thoi gian thuc hien crossover:  0.0009837150573730469
1.8
1.8
Thoi gian thuc hien crossover:  2.1696090698242188e-05
LS: BlockExchange | Count: 0 | TotalTime:0.000s | Cost:1.80
LS: 2opt | Count: 0 | TotalTime:0.000s | Cost:1.80
Thoi gian thuc hien crossover:  0.000522613525390625
1.8
1.8
Thoi gian thuc hien crossover:  2.6464462280273438e-05
LS: mPDG | Count: 0 | TotalTime:0.000s | Cost:1.80
LS: mPDG | Count: 0 | TotalTime:0.000s | Cost:1.80
Thoi gian thuc hien crossover:  0.0009083747863769531
1.8
1.8
Thoi gian thuc hien crossover:  2.5272369384765625e-05
LS: mPDG | Count: 0 | TotalTime:0.000s | Cost:1.80
LS: 2opt | Count: 0 | TotalTime:0.000s | Cost:1.80
Thoi gian thuc hien crossover:  0.0007181167602539062
1.8
1.8
Thoi gian thuc hien crossover:  2.574920654296875e-05
LS: 2opt | Count: 0 | TotalTime:0.000s | Cost:1.80
LS: 2opt | Count: 0 | TotalTime:0.000s | Cost:1.80
Thoi gian thuc hien crossover:  0.00047588348388671875
1.8
1.8
LS: mPDG | Count: 0 | TotalTime:0.000s | Cost:1.80
LS: BlockRelocate | Count: 0 | TotalTime:0.001s | Cost:1.80
LS: mPDG | Count: 0 | TotalTime:0.001s | Cost:1.80
LS: mPDG | Count: 0 | TotalTime:0.000s | Cost:1.80
LS: 2opt | Count: 0 | TotalTime:0.000s | Cost:1.80
LS: mPDG | Count: 0 | TotalTime:0.000s | Cost:1.80
LS: mPDG | Count: 0 | TotalTime:0.000s | Cost:1.80
LS: mPDG | Count: 0 | TotalTime:0.000s | Cost:1.80
LS: BlockExchange | Count: 0 | TotalTime:0.000s | Cost:1.80
LS: mPDG | Count: 0 | TotalTime:0.001s | Cost:1.80
LS: BlockRelocate | Count: 0 | TotalTime:0.001s | Cost:1.80
LS: mPDG | Count: 0 | TotalTime:0.000s | Cost:1.80
LS: BlockExchange | Count: 0 | TotalTime:0.000s | Cost:1.80
LS: PDPairExchange | Count: 0 | TotalTime:0.000s | Cost:1.80
LS: BlockExchange | Count: 0 | TotalTime:0.000s | Cost:1.80
Thoi gian thuc hien crossover:  3.314018249511719e-05
LS: PDPairExchange | Count: 0 | TotalTime:0.000s | Cost:1.80
LS: PDPairExchange | Count: 0 | TotalTime:0.000s | Cost:1.80
Thoi gian thuc hien crossover:  0.0005965232849121094
1.8
1.8
Thoi gian thuc hien crossover:  3.0517578125e-05
LS: PDPairExchange | Count: 0 | TotalTime:0.000s | Cost:1.80
LS: BlockExchange | Count: 0 | TotalTime:0.000s | Cost:1.80
Thoi gian thuc hien crossover:  0.0004227161407470703
1.8
1.8
LS: mPDG:0(0.001s) | BlockExchange:0(0.000s) | BlockRelocate:0(0.001s) | PDPairExchange:0(0.000s) | 2opt:0(0.000s) | TotalTime:0.002s | Cost:1.80
LS: mPDG:0(0.001s) | PDPairExchange:0(0.000s) | BlockExchange:0(0.000s) | BlockRelocate:0(0.001s) | 2opt:0(0.000s) | TotalTime:0.001s | Cost:1.80
LS: BlockExchange:0(0.000s) | BlockRelocate:0(0.001s) | 2opt:0(0.000s) | PDPairExchange:0(0.000s) | mPDG:0(0.000s) | TotalTime:0.001s | Cost:1.80
LS: 2opt:0(0.000s) | BlockExchange:0(0.000s) | BlockRelocate:0(0.001s) | PDPairExchange:0(0.000s) | mPDG:0(0.000s) | TotalTime:0.001s | Cost:1.80
Thoi gian thuc hien crossover:  3.218650817871094e-05
LS: 2opt | Count: 0 | TotalTime:0.000s | Cost:1.80
LS: PDPairExchange | Count: 0 | TotalTime:0.000s | Cost:1.80
Thoi gian thuc hien crossover:  0.00066375732421875
1.8
1.8
Thoi gian thuc hien crossover:  2.9802322387695312e-05
LS: mPDG | Count: 0 | TotalTime:0.000s | Cost:1.80
LS: PDPairExchange | Count: 0 | TotalTime:0.000s | Cost:1.80
Thoi gian thuc hien crossover:  0.0007922649383544922
1.8
1.8
Thoi gian thuc hien crossover:  2.9802322387695312e-05
LS: PDPairExchange | Count: 0 | TotalTime:0.000s | Cost:1.80
LS: BlockExchange | Count: 0 | TotalTime:0.000s | Cost:1.80
Thoi gian thuc hien crossover:  0.00046443939208984375
1.8
1.8
Thoi gian thuc hien crossover:  3.337860107421875e-05
LS: PDPairExchange | Count: 0 | TotalTime:0.000s | Cost:1.80
LS: BlockRelocate | Count: 0 | TotalTime:0.001s | Cost:1.80
Thoi gian thuc hien crossover:  0.0010194778442382812
1.8
1.8
Thoi gian thuc hien crossover:  5.1021575927734375e-05
LS: BlockRelocate | Count: 0 | TotalTime:0.001s | Cost:1.80
LS: BlockRelocate | Count: 0 | TotalTime:0.001s | Cost:1.80
Thoi gian thuc hien crossover:  0.0017631053924560547
1.8
1.8
Thoi gian thuc hien crossover:  2.4318695068359375e-05
LS: BlockRelocate | Count: 0 | TotalTime:0.001s | Cost:1.80
LS: mPDG | Count: 0 | TotalTime:0.000s | Cost:1.80
Thoi gian thuc hien crossover:  0.001285552978515625
1.8
1.8
LS: 2opt | Count: 0 | TotalTime:0.000s | Cost:1.80
LS: mPDG | Count: 0 | TotalTime:0.001s | Cost:1.80
LS: PDPairExchange | Count: 0 | TotalTime:0.000s | Cost:1.80
LS: BlockRelocate | Count: 0 | TotalTime:0.001s | Cost:1.80
LS: 2opt | Count: 0 | TotalTime:0.000s | Cost:1.80
LS: BlockRelocate | Count: 0 | TotalTime:0.001s | Cost:1.80
LS: BlockExchange | Count: 0 | TotalTime:0.000s | Cost:1.80
LS: BlockRelocate | Count: 0 | TotalTime:0.001s | Cost:1.80
LS: BlockExchange | Count: 0 | TotalTime:0.000s | Cost:1.80
LS: BlockRelocate | Count: 0 | TotalTime:0.001s | Cost:1.80
LS: BlockExchange | Count: 0 | TotalTime:0.000s | Cost:1.80
LS: PDPairExchange | Count: 0 | TotalTime:0.000s | Cost:1.80
LS: PDPairExchange | Count: 0 | TotalTime:0.000s | Cost:1.80
LS: mPDG | Count: 0 | TotalTime:0.000s | Cost:1.80
LS: 2opt | Count: 0 | TotalTime:0.000s | Cost:1.80

Generation 1: Best = 1.80, Worst = 4.90, Avg = 2.12, Diversity = 0.394, FitDiv = 0.354 , Time: 0.017579078674316406
Generation 2: Best = 1.80, Worst = 1.84, Avg = 1.81, Diversity = 0.165, FitDiv = 0.008 , Time: 0.018481016159057617
Generation 3: Best = 1.80, Worst = 1.80, Avg = 1.80, Diversity = 0.000, FitDiv = 0.000 , Time: 0.014644384384155273
Low diversity detected, applying diversity maintenance...
Generation 4: Best = 1.80, Worst = 9.06, Avg = 2.52, Diversity = 0.236, FitDiv = 0.760 , Time: 1.1306171417236328
Generation 5: Best = 1.80, Worst = 1.80, Avg = 1.80, Diversity = 0.000, FitDiv = 0.000 , Time: 0.01662421226501465
Low diversity detected, applying diversity maintenance...
Generation 6: Best = 1.80, Worst = 4.94, Avg = 2.38, Diversity = 0.310, FitDiv = 0.467 , Time: 0.962782621383667
Generation 7: Best = 1.80, Worst = 1.80, Avg = 1.80, Diversity = 0.000, FitDiv = 0.000 , Time: 0.02138376235961914
Stopping early due to lack of improvement.
Total runtime: 3.60s (0.1 minutes)

The solution initialized by Cheapest Insertion:
V_1:[] V_2:[] V_3:[] V_4:[] V_5:[p1_0003480001-1 p1_0012230002-1 d1_0012230002-1 d1_0003480001-1 p1_0013570003-1 d1_0013570003-1]
The fitness value before EA: 1.8
V_1:[] V_2:[] V_3:[] V_4:[] V_5:[p1_0003480001-1 p1_0012230002-1 d1_0012230002-1 d1_0003480001-1 p1_0013570003-1 d1_0013570003-1]
The fitness value after EA: 1.8

Thoi gian thuc hien thuat toan:  3.6075611114501953
SUCCESS

2025-09-16 11:30:11,378 [simulate_environment.py | 254] INFO: 2025-09-16 00:20:00, Item 0003480001-1: state = 1 < 2, we can not finish the simulation
2025-09-16 11:30:11,378 [simulate_environment.py | 99] INFO: **************************************************
2025-09-16 11:30:11,378 [simulate_environment.py | 103] INFO: cur time: 2025-09-16 00:30:00, pre time: 2025-09-16 00:20:00
2025-09-16 11:30:11,378 [simulate_environment.py | 140] INFO: Start to update the input of 2025-09-16 00:30:00
2025-09-16 11:30:11,379 [simulate_environment.py | 167] INFO: Get 1 unallocated order items, 2 ongoing order items, 0 completed order items
2025-09-16 11:30:13,757 [simulate_environment.py | 232] INFO: 
Cant initialize the population

The solution initialized by Cheapest Insertion:
V_1:[] V_2:[] V_3:[] V_4:[] V_5:[d1_0012230002-1 d1_0003480001-1 p1_0013570003-1 d1_0013570003-1]
The fitness value before EA: 1.8
V_1:[] V_2:[] V_3:[] V_4:[] V_5:[d1_0012230002-1 d1_0003480001-1 p1_0013570003-1 d1_0013570003-1]
The fitness value after EA: 1.8

Thoi gian thuc hien thuat toan:  1.6492764949798584
SUCCESS

2025-09-16 11:30:13,758 [simulate_environment.py | 254] INFO: 2025-09-16 00:30:00, Item 0013570003-1: state = 1 < 2, we can not finish the simulation
2025-09-16 11:30:13,759 [simulate_environment.py | 99] INFO: **************************************************
2025-09-16 11:30:13,759 [simulate_environment.py | 103] INFO: cur time: 2025-09-16 00:40:00, pre time: 2025-09-16 00:30:00
2025-09-16 11:30:13,759 [simulate_environment.py | 140] INFO: Start to update the input of 2025-09-16 00:40:00
2025-09-16 11:30:13,760 [simulate_environment.py | 167] INFO: Get 7 unallocated order items, 2 ongoing order items, 0 completed order items
2025-09-16 11:30:21,555 [simulate_environment.py | 232] INFO: Thoi gian thuc hien crossover:  6.389617919921875e-05
LS: mPDG | Count: 0 | TotalTime:0.001s | Cost:5.24
LS: BlockRelocate | Count: 1 | TotalTime:0.000s | Cost:8.12
Thoi gian thuc hien crossover:  0.02184772491455078
15.66
8.120000000000001
Thoi gian thuc hien crossover:  3.075599670410156e-05
LS: PDPairExchange | Count: 0 | TotalTime:0.000s | Cost:8.24
LS: 2opt | Count: 0 | TotalTime:0.000s | Cost:8.46
Thoi gian thuc hien crossover:  0.0006077289581298828
8.24
8.46
Thoi gian thuc hien crossover:  2.6941299438476562e-05
LS: BlockRelocate | Count: 1 | TotalTime:0.001s | Cost:7.98
LS: PDPairExchange | Count: 1 | TotalTime:0.000s | Cost:8.10
Thoi gian thuc hien crossover:  0.0015883445739746094
7.980000000000001
8.1
Thoi gian thuc hien crossover:  5.030632019042969e-05
LS: 2opt | Count: 0 | TotalTime:0.000s | Cost:8.28
LS: BlockRelocate | Count: 0 | TotalTime:0.001s | Cost:4.68
Thoi gian thuc hien crossover:  0.0014729499816894531
8.28
8.120000000000001
Thoi gian thuc hien crossover:  2.6702880859375e-05
LS: BlockRelocate | Count: 1 | TotalTime:0.001s | Cost:7.98
LS: BlockRelocate | Count: 1 | TotalTime:0.001s | Cost:7.98
Thoi gian thuc hien crossover:  0.0023980140686035156
7.980000000000001
7.980000000000001
Thoi gian thuc hien crossover:  2.4318695068359375e-05
LS: BlockExchange | Count: 1 | TotalTime:0.000s | Cost:8.18
LS: BlockRelocate | Count: 1 | TotalTime:0.000s | Cost:8.12
Thoi gian thuc hien crossover:  0.00080108642578125
8.180000000000001
8.120000000000001
LS: 2opt | Count: 0 | TotalTime:0.000s | Cost:7.98
LS: BlockExchange | Count: 0 | TotalTime:0.000s | Cost:7.98
LS: 2opt | Count: 0 | TotalTime:0.000s | Cost:7.98
LS: 2opt | Count: 0 | TotalTime:0.000s | Cost:8.10
LS: PDPairExchange | Count: 1 | TotalTime:0.000s | Cost:8.10
LS: mPDG | Count: 0 | TotalTime:0.001s | Cost:8.12
LS: BlockRelocate | Count: 1 | TotalTime:0.001s | Cost:7.98
LS: 2opt | Count: 0 | TotalTime:0.000s | Cost:8.12
LS: 2opt | Count: 0 | TotalTime:0.000s | Cost:8.12
LS: mPDG | Count: 0 | TotalTime:0.001s | Cost:8.12
LS: BlockRelocate | Count: 1 | TotalTime:0.001s | Cost:7.98
LS: BlockRelocate | Count: 1 | TotalTime:0.001s | Cost:7.98
LS: mPDG | Count: 1 | TotalTime:0.001s | Cost:8.14
LS: 2opt | Count: 0 | TotalTime:0.000s | Cost:8.46
LS: BlockExchange | Count: 1 | TotalTime:0.000s | Cost:15.48
Thoi gian thuc hien crossover:  2.2649765014648438e-05
LS: BlockRelocate | Count: 0 | TotalTime:0.001s | Cost:7.98
LS: 2opt | Count: 0 | TotalTime:0.000s | Cost:7.98
Thoi gian thuc hien crossover:  0.001436471939086914
7.980000000000001
7.980000000000001
Thoi gian thuc hien crossover:  1.9788742065429688e-05
LS: BlockRelocate | Count: 0 | TotalTime:0.001s | Cost:7.98
LS: 2opt | Count: 0 | TotalTime:0.000s | Cost:7.98
Thoi gian thuc hien crossover:  0.0013339519500732422
7.980000000000001
7.980000000000001
Thoi gian thuc hien crossover:  3.361701965332031e-05
LS: 2opt | Count: 0 | TotalTime:0.000s | Cost:8.10
LS: PDPairExchange | Count: 0 | TotalTime:0.000s | Cost:7.98
Thoi gian thuc hien crossover:  0.0009672641754150391
8.1
7.980000000000001
Thoi gian thuc hien crossover:  4.100799560546875e-05
LS: PDPairExchange | Count: 0 | TotalTime:0.000s | Cost:7.98
LS: mPDG | Count: 0 | TotalTime:0.000s | Cost:4.90
Thoi gian thuc hien crossover:  0.0015475749969482422
7.980000000000001
7.980000000000001
Thoi gian thuc hien crossover:  3.170967102050781e-05
LS: 2opt | Count: 0 | TotalTime:0.000s | Cost:7.98
LS: BlockRelocate | Count: 0 | TotalTime:0.002s | Cost:7.98
Thoi gian thuc hien crossover:  0.002378225326538086
7.980000000000001
7.980000000000001
Thoi gian thuc hien crossover:  3.123283386230469e-05
LS: BlockRelocate | Count: 0 | TotalTime:0.002s | Cost:7.98
LS: 2opt | Count: 0 | TotalTime:0.000s | Cost:7.98
Thoi gian thuc hien crossover:  0.0023398399353027344
7.980000000000001
7.980000000000001
LS: BlockExchange | Count: 0 | TotalTime:0.000s | Cost:7.98
LS: mPDG | Count: 0 | TotalTime:0.001s | Cost:7.98
LS: 2opt | Count: 0 | TotalTime:0.000s | Cost:7.98
LS: PDPairExchange | Count: 0 | TotalTime:0.000s | Cost:7.98
LS: PDPairExchange | Count: 0 | TotalTime:0.000s | Cost:7.98
LS: BlockRelocate | Count: 0 | TotalTime:0.002s | Cost:7.98
LS: 2opt | Count: 0 | TotalTime:0.000s | Cost:7.98
LS: 2opt | Count: 0 | TotalTime:0.000s | Cost:7.98
LS: BlockRelocate | Count: 0 | TotalTime:0.002s | Cost:7.98
LS: mPDG | Count: 0 | TotalTime:0.001s | Cost:7.98
LS: BlockRelocate | Count: 0 | TotalTime:0.002s | Cost:7.98
LS: mPDG | Count: 0 | TotalTime:0.001s | Cost:7.98
LS: mPDG | Count: 0 | TotalTime:0.001s | Cost:7.98
LS: BlockRelocate | Count: 0 | TotalTime:0.002s | Cost:7.98
LS: BlockRelocate | Count: 1 | TotalTime:0.001s | Cost:7.98
Thoi gian thuc hien crossover:  5.1975250244140625e-05
LS: BlockRelocate | Count: 0 | TotalTime:0.002s | Cost:7.98
LS: BlockRelocate | Count: 0 | TotalTime:0.002s | Cost:7.98
Thoi gian thuc hien crossover:  0.003924846649169922
7.980000000000001
7.980000000000001
LS: BlockRelocate:0(0.002s) | PDPairExchange:0(0.001s) | BlockExchange:0(0.000s) | mPDG:0(0.001s) | 2opt:0(0.000s) | TotalTime:0.003s | Cost:7.98
LS: BlockRelocate:0(0.001s) | PDPairExchange:0(0.000s) | BlockExchange:0(0.000s) | mPDG:0(0.001s) | 2opt:0(0.000s) | TotalTime:0.002s | Cost:7.98
LS: BlockRelocate:0(0.001s) | PDPairExchange:0(0.000s) | BlockExchange:0(0.000s) | mPDG:0(0.001s) | 2opt:0(0.000s) | TotalTime:0.002s | Cost:7.98
LS: PDPairExchange:0(0.000s) | BlockExchange:0(0.000s) | mPDG:0(0.001s) | 2opt:0(0.000s) | BlockRelocate:0(0.000s) | TotalTime:0.002s | Cost:7.98
Thoi gian thuc hien crossover:  3.24249267578125e-05
LS: mPDG | Count: 0 | TotalTime:0.002s | Cost:7.98
LS: 2opt | Count: 0 | TotalTime:0.000s | Cost:7.98
Thoi gian thuc hien crossover:  0.0030951499938964844
7.980000000000001
7.980000000000001
Thoi gian thuc hien crossover:  3.0040740966796875e-05
LS: mPDG | Count: 0 | TotalTime:0.001s | Cost:7.98
LS: 2opt | Count: 0 | TotalTime:0.000s | Cost:7.98
Thoi gian thuc hien crossover:  0.0011835098266601562
7.980000000000001
7.980000000000001
Thoi gian thuc hien crossover:  2.7894973754882812e-05
LS: 2opt | Count: 0 | TotalTime:0.000s | Cost:7.98
LS: BlockExchange | Count: 0 | TotalTime:0.000s | Cost:7.98
Thoi gian thuc hien crossover:  0.0006725788116455078
7.980000000000001
7.980000000000001
Thoi gian thuc hien crossover:  2.5987625122070312e-05
LS: PDPairExchange | Count: 0 | TotalTime:0.000s | Cost:7.98
LS: BlockExchange | Count: 0 | TotalTime:0.000s | Cost:7.98
Thoi gian thuc hien crossover:  0.0006418228149414062
7.980000000000001
7.980000000000001
Thoi gian thuc hien crossover:  2.5510787963867188e-05
LS: BlockExchange | Count: 0 | TotalTime:0.000s | Cost:7.98
LS: BlockExchange | Count: 0 | TotalTime:0.000s | Cost:7.98
Thoi gian thuc hien crossover:  0.0006008148193359375
7.980000000000001
7.980000000000001
Thoi gian thuc hien crossover:  2.4557113647460938e-05
LS: mPDG | Count: 0 | TotalTime:0.001s | Cost:7.98
LS: mPDG | Count: 0 | TotalTime:0.001s | Cost:7.98
Thoi gian thuc hien crossover:  0.0030808448791503906
7.980000000000001
7.980000000000001
LS: BlockExchange | Count: 0 | TotalTime:0.000s | Cost:7.98
LS: BlockExchange | Count: 0 | TotalTime:0.000s | Cost:7.98
LS: 2opt | Count: 0 | TotalTime:0.000s | Cost:7.98
LS: 2opt | Count: 0 | TotalTime:0.000s | Cost:7.98
LS: mPDG | Count: 0 | TotalTime:0.001s | Cost:7.98
LS: mPDG | Count: 0 | TotalTime:0.001s | Cost:7.98
LS: mPDG | Count: 0 | TotalTime:0.001s | Cost:7.98
LS: PDPairExchange | Count: 0 | TotalTime:0.000s | Cost:7.98
LS: BlockExchange | Count: 0 | TotalTime:0.000s | Cost:7.98
LS: 2opt | Count: 0 | TotalTime:0.000s | Cost:7.98
LS: mPDG | Count: 0 | TotalTime:0.001s | Cost:7.98
LS: 2opt | Count: 0 | TotalTime:0.000s | Cost:7.98
LS: BlockRelocate | Count: 0 | TotalTime:0.001s | Cost:7.98
LS: BlockRelocate | Count: 0 | TotalTime:0.001s | Cost:7.98
LS: PDPairExchange | Count: 0 | TotalTime:0.000s | Cost:7.98
Thoi gian thuc hien crossover:  5.173683166503906e-05
LS: 2opt | Count: 0 | TotalTime:0.000s | Cost:7.98
LS: PDPairExchange | Count: 0 | TotalTime:0.000s | Cost:7.98
Thoi gian thuc hien crossover:  0.001005411148071289
7.980000000000001
7.980000000000001
Thoi gian thuc hien crossover:  4.839897155761719e-05
LS: 2opt | Count: 0 | TotalTime:0.000s | Cost:7.98
LS: mPDG | Count: 0 | TotalTime:0.001s | Cost:7.98
Thoi gian thuc hien crossover:  0.0016579627990722656
7.980000000000001
7.980000000000001
LS: BlockRelocate:0(0.002s) | PDPairExchange:0(0.000s) | BlockExchange:0(0.000s) | mPDG:0(0.001s) | 2opt:0(0.000s) | TotalTime:0.003s | Cost:7.98
LS: BlockRelocate:0(0.002s) | PDPairExchange:0(0.000s) | BlockExchange:0(0.000s) | mPDG:0(0.001s) | 2opt:0(0.000s) | TotalTime:0.003s | Cost:7.98
LS: BlockRelocate:0(0.002s) | PDPairExchange:0(0.000s) | BlockExchange:0(0.000s) | mPDG:0(0.001s) | 2opt:0(0.000s) | TotalTime:0.003s | Cost:7.98
LS: PDPairExchange:0(0.000s) | BlockRelocate:0(0.002s) | 2opt:0(0.000s) | mPDG:0(0.001s) | BlockExchange:0(0.000s) | TotalTime:0.003s | Cost:7.98
Thoi gian thuc hien crossover:  4.7206878662109375e-05
LS: BlockRelocate | Count: 0 | TotalTime:0.001s | Cost:7.98
LS: PDPairExchange | Count: 0 | TotalTime:0.000s | Cost:7.98
Thoi gian thuc hien crossover:  0.0021407604217529297
7.980000000000001
7.980000000000001
Thoi gian thuc hien crossover:  3.695487976074219e-05
LS: mPDG | Count: 0 | TotalTime:0.001s | Cost:7.98
LS: BlockExchange | Count: 0 | TotalTime:0.000s | Cost:7.98
Thoi gian thuc hien crossover:  0.0012280941009521484
7.980000000000001
7.980000000000001
Thoi gian thuc hien crossover:  3.2901763916015625e-05
LS: BlockRelocate | Count: 0 | TotalTime:0.002s | Cost:7.98
LS: mPDG | Count: 0 | TotalTime:0.001s | Cost:7.98
Thoi gian thuc hien crossover:  0.0025246143341064453
7.980000000000001
7.980000000000001
Thoi gian thuc hien crossover:  4.863739013671875e-05
LS: BlockRelocate | Count: 0 | TotalTime:0.003s | Cost:7.98
LS: 2opt | Count: 0 | TotalTime:0.000s | Cost:7.98
Thoi gian thuc hien crossover:  0.00357818603515625
7.980000000000001
7.980000000000001
LS: BlockRelocate:0(0.002s) | PDPairExchange:0(0.000s) | BlockExchange:0(0.000s) | mPDG:0(0.001s) | 2opt:0(0.000s) | TotalTime:0.003s | Cost:7.98
LS: BlockRelocate:0(0.001s) | PDPairExchange:0(0.000s) | BlockExchange:0(0.000s) | mPDG:0(0.001s) | 2opt:0(0.000s) | TotalTime:0.003s | Cost:7.98
LS: BlockRelocate:0(0.001s) | PDPairExchange:0(0.000s) | BlockExchange:0(0.000s) | mPDG:0(0.001s) | 2opt:0(0.000s) | TotalTime:0.003s | Cost:7.98
LS: 2opt:0(0.000s) | BlockRelocate:0(0.001s) | mPDG:0(0.001s) | PDPairExchange:0(0.000s) | BlockExchange:0(0.000s) | TotalTime:0.003s | Cost:7.98
Thoi gian thuc hien crossover:  4.696846008300781e-05
LS: BlockExchange | Count: 0 | TotalTime:0.000s | Cost:7.98
LS: 2opt | Count: 0 | TotalTime:0.000s | Cost:7.98
Thoi gian thuc hien crossover:  0.001039266586303711
7.980000000000001
7.980000000000001
LS: BlockRelocate:0(0.002s) | PDPairExchange:0(0.000s) | BlockExchange:0(0.000s) | mPDG:0(0.001s) | 2opt:0(0.000s) | TotalTime:0.004s | Cost:7.98
LS: BlockRelocate:0(0.002s) | PDPairExchange:0(0.000s) | BlockExchange:0(0.000s) | mPDG:0(0.001s) | 2opt:0(0.000s) | TotalTime:0.003s | Cost:7.98
LS: BlockRelocate:0(0.002s) | PDPairExchange:0(0.000s) | BlockExchange:0(0.000s) | mPDG:0(0.001s) | 2opt:0(0.000s) | TotalTime:0.003s | Cost:7.98
LS: BlockExchange:0(0.000s) | PDPairExchange:0(0.000s) | mPDG:0(0.001s) | BlockRelocate:0(0.002s) | 2opt:0(0.000s) | TotalTime:0.003s | Cost:7.98
Thoi gian thuc hien crossover:  2.5033950805664062e-05
LS: PDPairExchange | Count: 0 | TotalTime:0.000s | Cost:7.98
LS: mPDG | Count: 0 | TotalTime:0.000s | Cost:7.98
Thoi gian thuc hien crossover:  0.0009391307830810547
7.980000000000001
7.980000000000001
Thoi gian thuc hien crossover:  2.2172927856445312e-05
LS: 2opt | Count: 0 | TotalTime:0.000s | Cost:7.98
LS: 2opt | Count: 0 | TotalTime:0.000s | Cost:7.98
Thoi gian thuc hien crossover:  0.0006225109100341797
7.980000000000001
7.980000000000001
Thoi gian thuc hien crossover:  1.7881393432617188e-05
LS: BlockExchange | Count: 0 | TotalTime:0.000s | Cost:7.98
LS: mPDG | Count: 0 | TotalTime:0.001s | Cost:7.98
Thoi gian thuc hien crossover:  0.000820159912109375
7.980000000000001
7.980000000000001
Thoi gian thuc hien crossover:  1.8358230590820312e-05
LS: PDPairExchange | Count: 0 | TotalTime:0.000s | Cost:7.98
LS: BlockRelocate | Count: 0 | TotalTime:0.001s | Cost:7.98
Thoi gian thuc hien crossover:  0.0012269020080566406
7.980000000000001
7.980000000000001
Thoi gian thuc hien crossover:  1.9073486328125e-05
LS: BlockRelocate | Count: 0 | TotalTime:0.001s | Cost:7.98
LS: 2opt | Count: 0 | TotalTime:0.000s | Cost:7.98
Thoi gian thuc hien crossover:  0.0012354850769042969
7.980000000000001
7.980000000000001
Thoi gian thuc hien crossover:  1.9788742065429688e-05
LS: mPDG | Count: 0 | TotalTime:0.000s | Cost:7.98
LS: mPDG | Count: 0 | TotalTime:0.000s | Cost:7.98
Thoi gian thuc hien crossover:  0.001093149185180664
7.980000000000001
7.980000000000001
LS: mPDG | Count: 0 | TotalTime:0.001s | Cost:7.98
LS: mPDG | Count: 0 | TotalTime:0.001s | Cost:7.98
LS: BlockRelocate | Count: 0 | TotalTime:0.002s | Cost:7.98
LS: 2opt | Count: 0 | TotalTime:0.000s | Cost:7.98
LS: 2opt | Count: 0 | TotalTime:0.000s | Cost:7.98
LS: PDPairExchange | Count: 0 | TotalTime:0.000s | Cost:7.98
LS: BlockRelocate | Count: 0 | TotalTime:0.002s | Cost:7.98
LS: BlockRelocate | Count: 0 | TotalTime:0.002s | Cost:7.98
LS: BlockRelocate | Count: 0 | TotalTime:0.002s | Cost:7.98
LS: BlockRelocate | Count: 0 | TotalTime:0.002s | Cost:7.98
LS: BlockRelocate | Count: 0 | TotalTime:0.002s | Cost:7.98
LS: BlockExchange | Count: 0 | TotalTime:0.000s | Cost:7.98
LS: BlockExchange | Count: 0 | TotalTime:0.000s | Cost:7.98
LS: BlockRelocate | Count: 0 | TotalTime:0.002s | Cost:7.98
LS: BlockRelocate | Count: 0 | TotalTime:0.002s | Cost:7.98

Generation 1: Best = 7.98, Worst = 15.48, Avg = 8.58, Diversity = 0.514, FitDiv = 0.216 , Time: 0.19277667999267578
Generation 2: Best = 7.98, Worst = 7.98, Avg = 7.98, Diversity = 0.000, FitDiv = 0.000 , Time: 0.032065629959106445
Low diversity detected, applying diversity maintenance...
Generation 3: Best = 7.98, Worst = 10.46, Avg = 8.37, Diversity = 0.286, FitDiv = 0.098 , Time: 1.0878229141235352
Generation 4: Best = 7.98, Worst = 7.98, Avg = 7.98, Diversity = 0.000, FitDiv = 0.000 , Time: 0.02477884292602539
Low diversity detected, applying diversity maintenance...
Generation 5: Best = 7.98, Worst = 8.24, Avg = 8.00, Diversity = 0.107, FitDiv = 0.008 , Time: 1.2890560626983643
Low diversity detected, applying diversity maintenance...
Generation 6: Best = 7.98, Worst = 7.98, Avg = 7.98, Diversity = 0.000, FitDiv = 0.000 , Time: 1.3998541831970215
Low diversity detected, applying diversity maintenance...
Generation 7: Best = 7.98, Worst = 15.52, Avg = 8.56, Diversity = 0.238, FitDiv = 0.219 , Time: 1.22666335105896
Generation 8: Best = 7.98, Worst = 7.98, Avg = 7.98, Diversity = 0.000, FitDiv = 0.000 , Time: 0.033829689025878906
Stopping early due to lack of improvement.
Total runtime: 7.12s (0.1 minutes)

The solution initialized by Cheapest Insertion:
V_1:[] V_2:[] V_3:[p3_0038220005-1 d3_0038220005-3] V_4:[] V_5:[d1_0012230002-1 p3_0033520004-1 d3_0033520004-3 d1_0003480001-1 p1_0013570003-1 d1_0013570003-1]
The fitness value before EA: 8.120000000000001
V_1:[] V_2:[] V_3:[p1_0013570003-1 d1_0013570003-1 p3_0038220005-1 d3_0038220005-3] V_4:[] V_5:[d1_0012230002-1 p3_0033520004-1 d3_0033520004-3 d1_0003480001-1]
The fitness value after EA: 7.980000000000001

Thoi gian thuc hien thuat toan:  7.121493816375732
SUCCESS

2025-09-16 11:30:21,557 [simulate_environment.py | 254] INFO: 2025-09-16 00:40:00, Item 0013570003-1: state = 1 < 2, we can not finish the simulation
2025-09-16 11:30:21,557 [simulate_environment.py | 99] INFO: **************************************************
2025-09-16 11:30:21,557 [simulate_environment.py | 103] INFO: cur time: 2025-09-16 00:50:00, pre time: 2025-09-16 00:40:00
2025-09-16 11:30:21,557 [simulate_environment.py | 140] INFO: Start to update the input of 2025-09-16 00:50:00
2025-09-16 11:30:21,558 [simulate_environment.py | 167] INFO: Get 6 unallocated order items, 3 ongoing order items, 0 completed order items
2025-09-16 11:30:30,007 [simulate_environment.py | 232] INFO: Thoi gian thuc hien crossover:  3.266334533691406e-05
LS: mPDG | Count: 1 | TotalTime:0.001s | Cost:7.70
LS: 2opt | Count: 0 | TotalTime:0.000s | Cost:4.82
Thoi gian thuc hien crossover:  0.0010766983032226562
7.7
15.24
Thoi gian thuc hien crossover:  1.9788742065429688e-05
LS: PDPairExchange | Count: 0 | TotalTime:0.000s | Cost:10.12
LS: PDPairExchange | Count: 0 | TotalTime:0.000s | Cost:8.04
Thoi gian thuc hien crossover:  0.00046539306640625
10.120000000000001
8.040000000000001
Thoi gian thuc hien crossover:  1.7881393432617188e-05
LS: mPDG | Count: 0 | TotalTime:0.000s | Cost:7.70
LS: BlockExchange | Count: 0 | TotalTime:0.000s | Cost:8.22
Thoi gian thuc hien crossover:  0.0005123615264892578
7.7
8.22
Thoi gian thuc hien crossover:  1.7881393432617188e-05
LS: BlockRelocate | Count: 0 | TotalTime:0.001s | Cost:7.70
LS: BlockExchange | Count: 0 | TotalTime:0.000s | Cost:7.70
Thoi gian thuc hien crossover:  0.0007486343383789062
7.7
7.7
Thoi gian thuc hien crossover:  1.9311904907226562e-05
LS: 2opt | Count: 0 | TotalTime:0.000s | Cost:15.02
LS: BlockRelocate | Count: 0 | TotalTime:0.000s | Cost:4.62
Thoi gian thuc hien crossover:  0.0008537769317626953
15.02
7.82
Thoi gian thuc hien crossover:  1.6689300537109375e-05
LS: PDPairExchange | Count: 0 | TotalTime:0.000s | Cost:15.02
LS: mPDG | Count: 1 | TotalTime:0.000s | Cost:8.16
Thoi gian thuc hien crossover:  0.0007350444793701172
15.02
8.16
LS: PDPairExchange | Count: 0 | TotalTime:0.000s | Cost:7.70
LS: mPDG | Count: 0 | TotalTime:0.000s | Cost:7.70
LS: BlockRelocate | Count: 0 | TotalTime:0.001s | Cost:7.70
LS: PDPairExchange | Count: 0 | TotalTime:0.000s | Cost:7.70
LS: mPDG | Count: 0 | TotalTime:0.000s | Cost:7.70
LS: PDPairExchange | Count: 0 | TotalTime:0.000s | Cost:7.70
LS: BlockRelocate | Count: 1 | TotalTime:0.000s | Cost:7.70
LS: mPDG | Count: 1 | TotalTime:0.000s | Cost:7.70
LS: PDPairExchange | Count: 0 | TotalTime:0.000s | Cost:8.04
LS: mPDG | Count: 0 | TotalTime:0.000s | Cost:8.16
LS: 2opt | Count: 0 | TotalTime:0.000s | Cost:8.22
LS: 2opt | Count: 0 | TotalTime:0.000s | Cost:10.12
LS: BlockExchange | Count: 0 | TotalTime:0.000s | Cost:15.02
LS: PDPairExchange | Count: 0 | TotalTime:0.000s | Cost:15.02
LS: BlockExchange | Count: 1 | TotalTime:0.000s | Cost:15.16
Thoi gian thuc hien crossover:  3.314018249511719e-05
LS: BlockExchange | Count: 0 | TotalTime:0.000s | Cost:7.70
LS: BlockRelocate | Count: 0 | TotalTime:0.001s | Cost:7.70
Thoi gian thuc hien crossover:  0.0013473033905029297
7.7
7.7
Thoi gian thuc hien crossover:  3.457069396972656e-05
LS: mPDG | Count: 0 | TotalTime:0.000s | Cost:4.82
LS: PDPairExchange | Count: 0 | TotalTime:0.000s | Cost:8.16
Thoi gian thuc hien crossover:  0.0005695819854736328
15.24
8.16
Thoi gian thuc hien crossover:  3.123283386230469e-05
LS: mPDG | Count: 0 | TotalTime:0.000s | Cost:4.82
LS: mPDG | Count: 1 | TotalTime:0.001s | Cost:7.70
Thoi gian thuc hien crossover:  0.0014300346374511719
8.6
7.7
Thoi gian thuc hien crossover:  3.123283386230469e-05
LS: BlockRelocate | Count: 1 | TotalTime:0.001s | Cost:8.04
LS: PDPairExchange | Count: 0 | TotalTime:0.000s | Cost:1.74
Thoi gian thuc hien crossover:  0.0014791488647460938
8.04
8.22
Thoi gian thuc hien crossover:  2.7418136596679688e-05
LS: PDPairExchange | Count: 0 | TotalTime:0.000s | Cost:7.70
LS: mPDG | Count: 0 | TotalTime:0.000s | Cost:7.70
Thoi gian thuc hien crossover:  0.0008697509765625
7.7
7.7
Thoi gian thuc hien crossover:  2.8848648071289062e-05
LS: BlockExchange | Count: 0 | TotalTime:0.000s | Cost:7.70
LS: 2opt | Count: 0 | TotalTime:0.000s | Cost:7.70
Thoi gian thuc hien crossover:  0.0005681514739990234
7.7
7.7
LS: BlockExchange | Count: 0 | TotalTime:0.000s | Cost:7.70
LS: mPDG | Count: 0 | TotalTime:0.000s | Cost:7.70
LS: BlockRelocate | Count: 0 | TotalTime:0.001s | Cost:7.70
LS: PDPairExchange | Count: 0 | TotalTime:0.000s | Cost:7.70
LS: BlockExchange | Count: 0 | TotalTime:0.000s | Cost:7.70
LS: BlockRelocate | Count: 0 | TotalTime:0.001s | Cost:7.70
LS: BlockRelocate | Count: 0 | TotalTime:0.001s | Cost:7.70
LS: 2opt | Count: 0 | TotalTime:0.000s | Cost:7.70
LS: BlockExchange | Count: 0 | TotalTime:0.000s | Cost:7.70
LS: mPDG | Count: 0 | TotalTime:0.001s | Cost:7.70
LS: mPDG | Count: 1 | TotalTime:0.001s | Cost:7.70
LS: PDPairExchange | Count: 0 | TotalTime:0.000s | Cost:8.16
LS: BlockRelocate | Count: 1 | TotalTime:0.000s | Cost:7.70
LS: BlockExchange | Count: 0 | TotalTime:0.000s | Cost:8.60
LS: BlockExchange | Count: 1 | TotalTime:0.000s | Cost:15.16
Thoi gian thuc hien crossover:  2.956390380859375e-05
LS: BlockRelocate | Count: 0 | TotalTime:0.001s | Cost:7.70
LS: BlockRelocate | Count: 0 | TotalTime:0.001s | Cost:7.70
Thoi gian thuc hien crossover:  0.0021233558654785156
7.7
7.7
Thoi gian thuc hien crossover:  2.8848648071289062e-05
LS: BlockExchange | Count: 0 | TotalTime:0.000s | Cost:7.70
LS: BlockRelocate | Count: 0 | TotalTime:0.001s | Cost:7.70
Thoi gian thuc hien crossover:  0.0013508796691894531
7.7
7.7
Thoi gian thuc hien crossover:  5.221366882324219e-05
LS: 2opt | Count: 0 | TotalTime:0.000s | Cost:7.70
LS: BlockExchange | Count: 0 | TotalTime:0.000s | Cost:7.70
Thoi gian thuc hien crossover:  0.0008199214935302734
7.7
7.7
Thoi gian thuc hien crossover:  2.9325485229492188e-05
LS: BlockRelocate | Count: 0 | TotalTime:0.001s | Cost:7.70
LS: BlockExchange | Count: 0 | TotalTime:0.000s | Cost:7.70
Thoi gian thuc hien crossover:  0.001237630844116211
7.7
7.7
Thoi gian thuc hien crossover:  2.6464462280273438e-05
LS: BlockRelocate | Count: 0 | TotalTime:0.001s | Cost:7.70
LS: 2opt | Count: 0 | TotalTime:0.000s | Cost:7.70
Thoi gian thuc hien crossover:  0.0012748241424560547
7.7
7.7
Thoi gian thuc hien crossover:  2.6941299438476562e-05
LS: BlockExchange | Count: 0 | TotalTime:0.000s | Cost:7.70
LS: BlockExchange | Count: 0 | TotalTime:0.000s | Cost:7.70
Thoi gian thuc hien crossover:  0.00048804283142089844
7.7
7.7
LS: BlockRelocate | Count: 0 | TotalTime:0.001s | Cost:7.70
LS: PDPairExchange | Count: 0 | TotalTime:0.000s | Cost:7.70
LS: PDPairExchange | Count: 0 | TotalTime:0.000s | Cost:7.70
LS: mPDG | Count: 0 | TotalTime:0.000s | Cost:7.70
LS: BlockExchange | Count: 0 | TotalTime:0.000s | Cost:7.70
LS: PDPairExchange | Count: 0 | TotalTime:0.000s | Cost:7.70
LS: PDPairExchange | Count: 0 | TotalTime:0.000s | Cost:7.70
LS: mPDG | Count: 0 | TotalTime:0.000s | Cost:7.70
LS: 2opt | Count: 0 | TotalTime:0.000s | Cost:7.70
LS: PDPairExchange | Count: 0 | TotalTime:0.000s | Cost:7.70
LS: BlockRelocate | Count: 0 | TotalTime:0.001s | Cost:7.70
LS: PDPairExchange | Count: 0 | TotalTime:0.000s | Cost:7.70
LS: mPDG | Count: 0 | TotalTime:0.001s | Cost:7.70
LS: BlockExchange | Count: 0 | TotalTime:0.000s | Cost:7.70
LS: 2opt | Count: 0 | TotalTime:0.000s | Cost:7.70
LS: mPDG:0(0.000s) | 2opt:0(0.000s) | BlockExchange:0(0.000s) | PDPairExchange:0(0.000s) | BlockRelocate:0(0.000s) | TotalTime:0.001s | Cost:7.70
LS: PDPairExchange:0(0.000s) | BlockExchange:0(0.000s) | mPDG:0(0.000s) | 2opt:0(0.000s) | BlockRelocate:0(0.000s) | TotalTime:0.001s | Cost:7.70
LS: mPDG:0(0.000s) | PDPairExchange:0(0.000s) | BlockExchange:0(0.000s) | BlockRelocate:0(0.001s) | 2opt:0(0.000s) | TotalTime:0.002s | Cost:7.70
Thoi gian thuc hien crossover:  4.1961669921875e-05
LS: mPDG | Count: 0 | TotalTime:0.001s | Cost:7.70
LS: 2opt | Count: 0 | TotalTime:0.000s | Cost:7.70
Thoi gian thuc hien crossover:  0.0013785362243652344
7.7
7.7
Thoi gian thuc hien crossover:  4.267692565917969e-05
LS: 2opt | Count: 0 | TotalTime:0.000s | Cost:7.70
LS: 2opt | Count: 0 | TotalTime:0.000s | Cost:7.70
Thoi gian thuc hien crossover:  0.0007054805755615234
7.7
7.7
LS: mPDG:0(0.000s) | BlockRelocate:0(0.001s) | PDPairExchange:0(0.000s) | 2opt:0(0.000s) | BlockExchange:0(0.000s) | TotalTime:0.002s | Cost:7.70
LS: BlockRelocate:0(0.001s) | BlockExchange:0(0.000s) | 2opt:0(0.000s) | mPDG:0(0.000s) | PDPairExchange:0(0.000s) | TotalTime:0.002s | Cost:7.70
LS: mPDG:0(0.000s) | PDPairExchange:0(0.000s) | BlockExchange:0(0.000s) | BlockRelocate:0(0.001s) | 2opt:0(0.000s) | TotalTime:0.002s | Cost:7.70
LS: mPDG:0(0.000s) | BlockRelocate:0(0.001s) | 2opt:0(0.000s) | PDPairExchange:0(0.000s) | BlockExchange:0(0.000s) | TotalTime:0.002s | Cost:7.70
Thoi gian thuc hien crossover:  5.340576171875e-05
LS: BlockExchange | Count: 0 | TotalTime:0.000s | Cost:7.70
LS: 2opt | Count: 0 | TotalTime:0.000s | Cost:7.70
Thoi gian thuc hien crossover:  0.0008342266082763672
7.7
7.7
Thoi gian thuc hien crossover:  4.076957702636719e-05
LS: BlockRelocate | Count: 0 | TotalTime:0.001s | Cost:7.70
LS: PDPairExchange | Count: 0 | TotalTime:0.000s | Cost:7.70
Thoi gian thuc hien crossover:  0.0015265941619873047
7.7
7.7
Thoi gian thuc hien crossover:  6.0558319091796875e-05
LS: BlockExchange | Count: 0 | TotalTime:0.000s | Cost:7.70
LS: BlockExchange | Count: 0 | TotalTime:0.000s | Cost:7.70
Thoi gian thuc hien crossover:  0.0007557868957519531
7.7
7.7
Thoi gian thuc hien crossover:  4.601478576660156e-05
LS: mPDG | Count: 0 | TotalTime:0.001s | Cost:7.70
LS: 2opt | Count: 0 | TotalTime:0.000s | Cost:7.70
Thoi gian thuc hien crossover:  0.0011241436004638672
7.7
7.7
LS: mPDG:0(0.000s) | BlockExchange:0(0.000s) | BlockRelocate:0(0.000s) | 2opt:0(0.000s) | PDPairExchange:0(0.000s) | TotalTime:0.001s | Cost:7.70
LS: PDPairExchange:0(0.000s) | BlockRelocate:0(0.000s) | mPDG:0(0.000s) | 2opt:0(0.000s) | BlockExchange:0(0.000s) | TotalTime:0.001s | Cost:7.70
LS: mPDG:0(0.000s) | PDPairExchange:0(0.000s) | BlockExchange:0(0.000s) | BlockRelocate:0(0.000s) | 2opt:0(0.000s) | TotalTime:0.001s | Cost:7.70
LS: mPDG:0(0.000s) | BlockExchange:0(0.000s) | PDPairExchange:0(0.000s) | BlockRelocate:0(0.001s) | 2opt:0(0.000s) | TotalTime:0.001s | Cost:7.70
Thoi gian thuc hien crossover:  4.220008850097656e-05
LS: 2opt | Count: 0 | TotalTime:0.000s | Cost:7.70
LS: mPDG | Count: 0 | TotalTime:0.000s | Cost:7.70
Thoi gian thuc hien crossover:  0.0010857582092285156
7.7
7.7
LS: BlockExchange:0(0.000s) | BlockRelocate:0(0.001s) | mPDG:0(0.001s) | PDPairExchange:0(0.000s) | 2opt:0(0.000s) | TotalTime:0.002s | Cost:7.70
LS: BlockRelocate:0(0.001s) | 2opt:0(0.000s) | mPDG:0(0.000s) | PDPairExchange:0(0.000s) | BlockExchange:0(0.000s) | TotalTime:0.002s | Cost:7.70
LS: mPDG:0(0.000s) | PDPairExchange:0(0.000s) | BlockExchange:0(0.000s) | BlockRelocate:0(0.002s) | 2opt:0(0.000s) | TotalTime:0.003s | Cost:7.70
LS: BlockExchange:0(0.000s) | BlockRelocate:0(0.001s) | mPDG:0(0.000s) | PDPairExchange:0(0.000s) | 2opt:0(0.000s) | TotalTime:0.002s | Cost:7.70

Generation 1: Best = 7.70, Worst = 15.16, Avg = 9.42, Diversity = 0.437, FitDiv = 0.306 , Time: 0.014157295227050781
Generation 2: Best = 7.70, Worst = 15.16, Avg = 8.29, Diversity = 0.266, FitDiv = 0.224 , Time: 0.021744251251220703
Generation 3: Best = 7.70, Worst = 7.70, Avg = 7.70, Diversity = 0.000, FitDiv = 0.000 , Time: 0.019496440887451172
Low diversity detected, applying diversity maintenance...
Generation 4: Best = 7.70, Worst = 8.04, Avg = 7.75, Diversity = 0.138, FitDiv = 0.015 , Time: 1.80302095413208
Low diversity detected, applying diversity maintenance...
Generation 5: Best = 7.70, Worst = 8.22, Avg = 7.73, Diversity = 0.059, FitDiv = 0.017 , Time: 1.356391191482544
Low diversity detected, applying diversity maintenance...
Generation 6: Best = 7.70, Worst = 7.70, Avg = 7.70, Diversity = 0.000, FitDiv = 0.000 , Time: 1.4424464702606201
Low diversity detected, applying diversity maintenance...
Generation 7: Best = 7.70, Worst = 12577.61, Avg = 846.44, Diversity = 0.338, FitDiv = 3.704 , Time: 1.0649700164794922
Stopping early due to lack of improvement.
Total runtime: 7.62s (0.1 minutes)

The solution initialized by Cheapest Insertion:
V_1:[] V_2:[] V_3:[d1_0013570003-1 p3_0038220005-1 d3_0038220005-3] V_4:[] V_5:[d1_0012230002-1 p3_0033520004-1 d3_0033520004-3 d1_0003480001-1]
The fitness value before EA: 7.7
V_1:[] V_2:[] V_3:[d1_0013570003-1 p3_0038220005-1 d3_0038220005-3] V_4:[] V_5:[d1_0012230002-1 p3_0033520004-1 d3_0033520004-3 d1_0003480001-1]
The fitness value after EA: 7.7

Thoi gian thuc hien thuat toan:  7.6234660148620605
SUCCESS

2025-09-16 11:30:30,008 [simulate_environment.py | 254] INFO: 2025-09-16 00:50:00, Item 0033520004-1: state = 1 < 2, we can not finish the simulation
2025-09-16 11:30:30,008 [simulate_environment.py | 99] INFO: **************************************************
2025-09-16 11:30:30,008 [simulate_environment.py | 103] INFO: cur time: 2025-09-16 01:00:00, pre time: 2025-09-16 00:50:00
2025-09-16 11:30:30,008 [simulate_environment.py | 140] INFO: Start to update the input of 2025-09-16 01:00:00
2025-09-16 11:30:30,009 [simulate_environment.py | 167] INFO: Get 6 unallocated order items, 3 ongoing order items, 0 completed order items
