2025-09-14 11:08:45,861 [main.py         | 48] INFO: Start to run instance_1
2025-09-14 11:08:45,862 [simulate_api.py | 60] INFO: Start time of the simulator: 2025-09-14 00:00:00, time interval:  600.00
2025-09-14 11:08:45,873 [input_utils.py  | 48] INFO: Get 154 factories
2025-09-14 11:08:46,558 [input_utils.py  | 52] INFO: Get 23562 routes
2025-09-14 11:08:46,573 [input_utils.py  | 57] INFO: Get 5 vehicles
2025-09-14 11:08:46,580 [input_utils.py  | 61] INFO: Get 50 orders
2025-09-14 11:08:46,580 [simulate_api.py | 87] INFO: Initial position of V_1 is e2d5093fbe36431f8986ddb0e1c586be
2025-09-14 11:08:46,580 [simulate_api.py | 87] INFO: Initial position of V_2 is 7fe14b93f0f04ee7a994ef5b2c1fdb72
2025-09-14 11:08:46,580 [simulate_api.py | 87] INFO: Initial position of V_3 is fa366fc87a124d32926daa5bb093129f
2025-09-14 11:08:46,580 [simulate_api.py | 87] INFO: Initial position of V_4 is e47399648fa842b2b8f80094343d8091
2025-09-14 11:08:46,580 [simulate_api.py | 87] INFO: Initial position of V_5 is becb4f85393540b287e7329758b8d832
2025-09-14 11:08:46,581 [simulate_environment.py | 99] INFO: **************************************************
2025-09-14 11:08:46,581 [simulate_environment.py | 103] INFO: cur time: 2025-09-14 00:10:00, pre time: 2025-09-14 00:00:00
2025-09-14 11:08:46,581 [simulate_environment.py | 140] INFO: Start to update the input of 2025-09-14 00:10:00
2025-09-14 11:08:46,581 [simulate_environment.py | 167] INFO: Get 1 unallocated order items, 0 ongoing order items, 0 completed order items
2025-09-14 11:08:47,563 [simulate_environment.py | 232] INFO: 
Cant initialize the population

The solution initialized by Cheapest Insertion:
V_1:[] V_2:[] V_3:[] V_4:[] V_5:[p1_0003480001-1 d1_0003480001-1]
The fitness value before EA: 3.08
V_1:[] V_2:[] V_3:[] V_4:[] V_5:[p1_0003480001-1 d1_0003480001-1]
The fitness value after EA: 3.08

Thoi gian thuc hien thuat toan:  0.6718771457672119
SUCCESS

2025-09-14 11:08:47,564 [simulate_environment.py | 254] INFO: 2025-09-14 00:10:00, Item 0003480001-1: state = 1 < 2, we can not finish the simulation
2025-09-14 11:08:47,564 [simulate_environment.py | 99] INFO: **************************************************
2025-09-14 11:08:47,564 [simulate_environment.py | 103] INFO: cur time: 2025-09-14 00:20:00, pre time: 2025-09-14 00:10:00
2025-09-14 11:08:47,564 [simulate_environment.py | 140] INFO: Start to update the input of 2025-09-14 00:20:00
2025-09-14 11:08:47,564 [simulate_environment.py | 167] INFO: Get 3 unallocated order items, 0 ongoing order items, 0 completed order items
2025-09-14 11:08:50,407 [simulate_environment.py | 232] INFO: 
Generation 1: Best = 1.80, Worst = 11.92, Avg = 3.45, Diversity = 0.492, FitDiv = 0.766 , Time: 0.0054247379302978516
Generation 2: Best = 1.80, Worst = 1.80, Avg = 1.80, Diversity = 0.000, FitDiv = 0.000 , Time: 0.004967451095581055
Low diversity detected, applying diversity maintenance...
Generation 3: Best = 1.80, Worst = 1.80, Avg = 1.80, Diversity = 0.000, FitDiv = 0.000 , Time: 0.5502796173095703
Low diversity detected, applying diversity maintenance...
Generation 4: Best = 1.80, Worst = 1.80, Avg = 1.80, Diversity = 0.000, FitDiv = 0.000 , Time: 0.44982314109802246
Low diversity detected, applying diversity maintenance...
Generation 5: Best = 1.80, Worst = 1.86, Avg = 1.80, Diversity = 0.044, FitDiv = 0.008 , Time: 0.4025084972381592
Low diversity detected, applying diversity maintenance...
Generation 6: Best = 1.80, Worst = 9.06, Avg = 3.00, Diversity = 0.437, FitDiv = 0.704 , Time: 0.4407072067260742
Generation 7: Best = 1.80, Worst = 1.84, Avg = 1.80, Diversity = 0.089, FitDiv = 0.006 , Time: 0.0055773258209228516
Stopping early due to lack of improvement.
Total runtime: 2.51s (0.0 minutes)

The solution initialized by Cheapest Insertion:
V_1:[] V_2:[] V_3:[] V_4:[] V_5:[p1_0003480001-1 p1_0012230002-1 d1_0012230002-1 d1_0003480001-1 p1_0013570003-1 d1_0013570003-1]
The fitness value before EA: 1.8
V_1:[] V_2:[] V_3:[] V_4:[] V_5:[p1_0003480001-1 p1_0012230002-1 d1_0012230002-1 d1_0003480001-1 p1_0013570003-1 d1_0013570003-1]
The fitness value after EA: 1.8

Thoi gian thuc hien thuat toan:  2.507310628890991
SUCCESS

2025-09-14 11:08:50,408 [simulate_environment.py | 254] INFO: 2025-09-14 00:20:00, Item 0003480001-1: state = 1 < 2, we can not finish the simulation
2025-09-14 11:08:50,408 [simulate_environment.py | 99] INFO: **************************************************
2025-09-14 11:08:50,408 [simulate_environment.py | 103] INFO: cur time: 2025-09-14 00:30:00, pre time: 2025-09-14 00:20:00
2025-09-14 11:08:50,408 [simulate_environment.py | 140] INFO: Start to update the input of 2025-09-14 00:30:00
2025-09-14 11:08:50,409 [simulate_environment.py | 167] INFO: Get 1 unallocated order items, 2 ongoing order items, 0 completed order items
2025-09-14 11:08:51,351 [simulate_environment.py | 232] INFO: 
Cant initialize the population

The solution initialized by Cheapest Insertion:
V_1:[] V_2:[] V_3:[] V_4:[] V_5:[d1_0012230002-1 d1_0003480001-1 p1_0013570003-1 d1_0013570003-1]
The fitness value before EA: 1.8
V_1:[] V_2:[] V_3:[] V_4:[] V_5:[d1_0012230002-1 d1_0003480001-1 p1_0013570003-1 d1_0013570003-1]
The fitness value after EA: 1.8

Thoi gian thuc hien thuat toan:  0.6505451202392578
SUCCESS

2025-09-14 11:08:51,352 [simulate_environment.py | 254] INFO: 2025-09-14 00:30:00, Item 0013570003-1: state = 1 < 2, we can not finish the simulation
2025-09-14 11:08:51,352 [simulate_environment.py | 99] INFO: **************************************************
2025-09-14 11:08:51,352 [simulate_environment.py | 103] INFO: cur time: 2025-09-14 00:40:00, pre time: 2025-09-14 00:30:00
2025-09-14 11:08:51,352 [simulate_environment.py | 140] INFO: Start to update the input of 2025-09-14 00:40:00
2025-09-14 11:08:51,352 [simulate_environment.py | 167] INFO: Get 7 unallocated order items, 2 ongoing order items, 0 completed order items
2025-09-14 11:08:53,704 [simulate_environment.py | 232] INFO: 
Generation 1: Best = 7.98, Worst = 9.16, Avg = 8.23, Diversity = 0.621, FitDiv = 0.040 , Time: 0.010409116744995117
Generation 2: Best = 7.98, Worst = 8.34, Avg = 8.03, Diversity = 0.301, FitDiv = 0.012 , Time: 0.010143280029296875
Generation 3: Best = 7.98, Worst = 7.98, Avg = 7.98, Diversity = 0.000, FitDiv = 0.000 , Time: 0.009402275085449219
Low diversity detected, applying diversity maintenance...
Generation 4: Best = 7.98, Worst = 7.98, Avg = 7.98, Diversity = 0.000, FitDiv = 0.000 , Time: 0.4584622383117676
Low diversity detected, applying diversity maintenance...
Generation 5: Best = 7.98, Worst = 8.50, Avg = 8.03, Diversity = 0.085, FitDiv = 0.017 , Time: 0.4062623977661133
Low diversity detected, applying diversity maintenance...
Generation 6: Best = 7.98, Worst = 15.52, Avg = 9.07, Diversity = 0.272, FitDiv = 0.280 , Time: 0.5021572113037109
Generation 7: Best = 7.98, Worst = 7.98, Avg = 7.98, Diversity = 0.000, FitDiv = 0.000 , Time: 0.012292861938476562
Stopping early due to lack of improvement.
Total runtime: 2.08s (0.0 minutes)

The solution initialized by Cheapest Insertion:
V_1:[] V_2:[] V_3:[p3_0038220005-1 d3_0038220005-3] V_4:[] V_5:[d1_0012230002-1 p3_0033520004-1 d3_0033520004-3 d1_0003480001-1 p1_0013570003-1 d1_0013570003-1]
The fitness value before EA: 8.120000000000001
V_1:[] V_2:[] V_3:[p1_0013570003-1 d1_0013570003-1 p3_0038220005-1 d3_0038220005-3] V_4:[] V_5:[d1_0012230002-1 p3_0033520004-1 d3_0033520004-3 d1_0003480001-1]
The fitness value after EA: 7.980000000000001

Thoi gian thuc hien thuat toan:  2.0843451023101807
SUCCESS

2025-09-14 11:08:53,705 [simulate_environment.py | 254] INFO: 2025-09-14 00:40:00, Item 0013570003-1: state = 1 < 2, we can not finish the simulation
2025-09-14 11:08:53,705 [simulate_environment.py | 99] INFO: **************************************************
2025-09-14 11:08:53,705 [simulate_environment.py | 103] INFO: cur time: 2025-09-14 00:50:00, pre time: 2025-09-14 00:40:00
2025-09-14 11:08:53,705 [simulate_environment.py | 140] INFO: Start to update the input of 2025-09-14 00:50:00
2025-09-14 11:08:53,705 [simulate_environment.py | 167] INFO: Get 6 unallocated order items, 3 ongoing order items, 0 completed order items
