2025-09-16 11:30:22,372 [main.py         | 48] INFO: Start to run instance_1
2025-09-16 11:30:22,372 [simulate_api.py | 60] INFO: Start time of the simulator: 2025-09-16 00:00:00, time interval:  600.00
2025-09-16 11:30:22,387 [input_utils.py  | 48] INFO: Get 154 factories
2025-09-16 11:30:24,279 [input_utils.py  | 52] INFO: Get 23562 routes
2025-09-16 11:30:24,306 [input_utils.py  | 57] INFO: Get 5 vehicles
2025-09-16 11:30:24,317 [input_utils.py  | 61] INFO: Get 50 orders
2025-09-16 11:30:24,318 [simulate_api.py | 87] INFO: Initial position of V_1 is e2d5093fbe36431f8986ddb0e1c586be
2025-09-16 11:30:24,318 [simulate_api.py | 87] INFO: Initial position of V_2 is 7fe14b93f0f04ee7a994ef5b2c1fdb72
2025-09-16 11:30:24,318 [simulate_api.py | 87] INFO: Initial position of V_3 is fa366fc87a124d32926daa5bb093129f
2025-09-16 11:30:24,319 [simulate_api.py | 87] INFO: Initial position of V_4 is e47399648fa842b2b8f80094343d8091
2025-09-16 11:30:24,319 [simulate_api.py | 87] INFO: Initial position of V_5 is becb4f85393540b287e7329758b8d832
2025-09-16 11:30:24,319 [simulate_environment.py | 99] INFO: **************************************************
2025-09-16 11:30:24,319 [simulate_environment.py | 103] INFO: cur time: 2025-09-16 00:10:00, pre time: 2025-09-16 00:00:00
2025-09-16 11:30:24,319 [simulate_environment.py | 140] INFO: Start to update the input of 2025-09-16 00:10:00
2025-09-16 11:30:24,321 [simulate_environment.py | 167] INFO: Get 1 unallocated order items, 0 ongoing order items, 0 completed order items
2025-09-16 11:30:26,733 [simulate_environment.py | 232] INFO: 
Cant initialize the population

The solution initialized by Cheapest Insertion:
V_1:[] V_2:[] V_3:[] V_4:[] V_5:[p1_0003480001-1 d1_0003480001-1]
The fitness value before EA: 3.08
V_1:[] V_2:[] V_3:[] V_4:[] V_5:[p1_0003480001-1 d1_0003480001-1]
The fitness value after EA: 3.08

Thoi gian thuc hien thuat toan:  1.8484320640563965
SUCCESS

2025-09-16 11:30:26,733 [simulate_environment.py | 254] INFO: 2025-09-16 00:10:00, Item 0003480001-1: state = 1 < 2, we can not finish the simulation
2025-09-16 11:30:26,734 [simulate_environment.py | 99] INFO: **************************************************
2025-09-16 11:30:26,734 [simulate_environment.py | 103] INFO: cur time: 2025-09-16 00:20:00, pre time: 2025-09-16 00:10:00
2025-09-16 11:30:26,734 [simulate_environment.py | 140] INFO: Start to update the input of 2025-09-16 00:20:00
2025-09-16 11:30:26,735 [simulate_environment.py | 167] INFO: Get 3 unallocated order items, 0 ongoing order items, 0 completed order items
